[2026-02-02T10:16:19.027Z] POST /api/workflows 500 - 50ms
[2026-02-02T10:20:29.467Z] POST /api/workflows 500 - 51ms
[2026-02-02T10:20:35.263Z] GET /api/requests/pending 304 - 14ms
[2026-02-02T10:20:35.284Z] GET /api/requests/pending 304 - 19ms
[2026-02-02T10:20:38.047Z] GET /api/workflows 200 - 9ms
[2026-02-02T10:20:38.067Z] GET /api/workflows 304 - 17ms
[2026-02-02T10:20:39.903Z] GET /api/roles 200 - 12ms
[2026-02-02T10:20:39.914Z] GET /api/roles 304 - 9ms
[2026-02-02T10:22:48.444Z] POST /api/workflows 500 - 7ms
[2026-02-02T11:14:41.981Z] POST /auth/login 200 - 278ms
[2026-02-02T11:14:42.100Z] GET /api/requests/pending 304 - 41ms
[2026-02-02T11:14:42.117Z] GET /api/requests/pending 304 - 15ms
[2026-02-02T11:14:48.172Z] GET /api/workflows 304 - 14ms
[2026-02-02T11:14:48.186Z] GET /api/workflows 304 - 12ms
[2026-02-02T11:14:50.474Z] GET /api/roles 200 - 16ms
[2026-02-02T11:14:50.491Z] GET /api/roles 304 - 16ms
[2026-02-02T11:17:02.635Z] POST /api/workflows 201 - 22ms
[2026-02-02T11:17:11.835Z] GET /api/workflows 200 - 19ms
[2026-02-02T11:17:44.090Z] GET /api/requests/pending 304 - 14ms
[2026-02-02T11:17:44.111Z] GET /api/requests/pending 304 - 18ms
[2026-02-02T11:17:46.939Z] GET /api/workflows 304 - 10ms
[2026-02-02T11:17:46.955Z] GET /api/workflows 304 - 13ms
[2026-02-02T11:18:48.969Z] POST /api/requests 500 - 68ms
[2026-02-02T11:18:55.640Z] GET /api/workflows 304 - 12ms
[2026-02-02T11:18:55.654Z] GET /api/workflows 304 - 12ms
[2026-02-02T11:19:01.671Z] GET /api/requests/pending 304 - 10ms
[2026-02-02T11:19:01.684Z] GET /api/requests/pending 304 - 11ms
[2026-02-02T11:19:05.307Z] GET /api/requests/pending 304 - 9ms
[2026-02-02T11:19:05.318Z] GET /api/requests/pending 304 - 10ms
[2026-02-02T11:19:23.426Z] GET /api/requests/pending 304 - 13ms
[2026-02-02T11:19:23.443Z] GET /api/requests/pending 304 - 15ms
[2026-02-02T12:34:55.880Z] POST /auth/login 200 - 351ms
[2026-02-02T12:34:56.028Z] GET /api/requests/pending 304 - 68ms
[2026-02-02T12:34:56.043Z] GET /api/requests/pending 304 - 13ms
[2026-02-02T12:34:58.290Z] GET /api/workflows 304 - 20ms
[2026-02-02T12:34:58.305Z] GET /api/workflows 304 - 11ms
[2026-02-02T12:35:07.878Z] GET /api/requests/pending 304 - 13ms
[2026-02-02T12:35:07.894Z] GET /api/requests/pending 304 - 14ms
[2026-02-02T12:35:10.067Z] GET /api/workflows 304 - 14ms
[2026-02-02T12:35:10.086Z] GET /api/workflows 304 - 17ms
[2026-02-06T17:54:34.362Z] POST /auth/login 200 - 286ms
[2026-02-06T17:54:34.531Z] GET /api/workflow/workflows/active 304 - 106ms
[2026-02-06T17:54:34.578Z] GET /api/workflow/tasks/my 304 - 84ms
[2026-02-06T17:54:34.605Z] GET /api/workflow/workflows/active 304 - 57ms
[2026-02-06T17:54:34.650Z] GET /api/workflow/tasks/my 304 - 41ms
[2026-02-06T17:54:39.646Z] GET /api/users 304 - 39ms
[2026-02-06T17:54:39.654Z] GET /api/workflow/admin/roles 304 - 37ms
[2026-02-06T17:54:39.693Z] GET /api/users 304 - 37ms
[2026-02-06T17:54:39.700Z] GET /api/workflow/admin/roles 304 - 36ms
[2026-02-06T17:54:46.724Z] GET /api/workflow/admin/workflows 304 - 35ms
[2026-02-06T17:54:46.758Z] GET /api/workflow/admin/workflows 304 - 32ms
[2026-02-06T17:54:54.491Z] GET /api/workflow/admin/roles 304 - 15ms
[2026-02-06T17:54:54.513Z] GET /api/workflow/admin/roles 304 - 20ms
[2026-02-06T17:55:06.286Z] GET /api/workflow/workflows/active 304 - 27ms
[2026-02-06T17:55:06.328Z] GET /api/workflow/workflows/active 304 - 40ms
[2026-02-06T17:55:06.344Z] GET /api/workflow/tasks/my 304 - 33ms
[2026-02-06T17:55:06.367Z] GET /api/workflow/tasks/my 304 - 22ms
[2026-02-06T17:55:07.441Z] GET /api/workflow/workflows/active 304 - 23ms
[2026-02-06T17:55:07.471Z] GET /api/workflow/tasks/my 304 - 24ms
[2026-02-06T17:55:07.491Z] GET /api/workflow/tasks/my 304 - 17ms
[2026-02-06T17:55:09.549Z] GET /api/workflow/admin/workflows 304 - 21ms
[2026-02-06T17:55:09.578Z] GET /api/workflow/admin/workflows 304 - 27ms
[2026-02-06T17:55:11.581Z] GET /api/workflow/admin/roles 304 - 14ms
[2026-02-06T17:55:11.600Z] GET /api/workflow/admin/roles 304 - 18ms
[2026-02-06T17:55:32.948Z] GET /api/workflow/admin/roles 304 - 19ms
[2026-02-06T17:55:32.968Z] GET /api/workflow/admin/roles 304 - 17ms
[2026-02-06T17:56:27.680Z] GET /api/workflow/workflows/active 200 - 39ms
[2026-02-06T17:56:27.684Z] GET /api/workflow/tasks/my 304 - 50ms
[2026-02-06T17:56:27.708Z] GET /api/workflow/tasks/my 304 - 23ms
[2026-02-06T17:56:35.619Z] GET /api/workflow/tasks/my 304 - 17ms
[2026-02-06T17:56:35.640Z] GET /api/workflow/tasks/my 304 - 18ms
[2026-02-06T17:56:37.307Z] GET /api/workflow/requests/my 304 - 34ms
[2026-02-06T17:56:37.326Z] GET /api/workflow/requests/my 304 - 18ms
[2026-02-06T18:08:10.114Z] POST /auth/login 200 - 268ms
[2026-02-06T18:08:10.203Z] GET /api/workflow/workflows/active 304 - 51ms
[2026-02-06T18:08:10.262Z] GET /api/workflow/workflows/active 304 - 54ms
[2026-02-06T18:08:10.272Z] GET /api/workflow/tasks/my 304 - 59ms
[2026-02-06T18:08:10.329Z] GET /api/workflow/tasks/my 304 - 42ms
[2026-02-06T18:08:17.550Z] GET /api/workflow/admin/workflows 304 - 28ms
[2026-02-06T18:08:17.577Z] GET /api/workflow/admin/workflows 304 - 26ms
[2026-02-06T18:08:19.331Z] GET /api/workflow/admin/roles 304 - 28ms
[2026-02-06T18:08:19.368Z] GET /api/workflow/admin/roles 304 - 34ms
[2026-02-06T18:12:06.216Z] GET /api/workflow/requests/my 304 - 25ms
[2026-02-06T18:12:06.239Z] GET /api/workflow/requests/my 304 - 21ms
[2026-02-06T18:17:38.993Z] GET /api/workflow/workflows/active 304 - 19ms
[2026-02-06T18:17:39.026Z] GET /api/workflow/workflows/active 304 - 30ms
[2026-02-06T18:17:39.048Z] GET /api/workflow/tasks/my 304 - 20ms
[2026-02-06T18:17:39.068Z] GET /api/workflow/tasks/my 304 - 18ms
[2026-02-06T18:19:19.321Z] GET /api/workflow/workflows/active 304 - 102ms
[2026-02-06T18:19:19.347Z] GET /api/workflow/tasks/my 304 - 100ms
[2026-02-06T18:19:19.373Z] GET /api/workflow/workflows/active 304 - 38ms
[2026-02-06T18:19:19.400Z] GET /api/workflow/tasks/my 304 - 45ms
[2026-02-06T18:19:22.226Z] GET /api/workflow/requests/my 304 - 29ms
[2026-02-06T18:19:22.249Z] GET /api/workflow/requests/my 304 - 21ms
[2026-02-06T18:19:25.432Z] GET /api/workflow/workflows/active 304 - 22ms
[2026-02-06T18:19:25.454Z] GET /api/workflow/workflows/active 304 - 20ms
[2026-02-06T18:19:43.721Z] POST /api/workflow/requests 201 - 83ms
[2026-02-06T18:19:53.885Z] GET /api/workflow/tasks/my 304 - 17ms
[2026-02-06T18:19:53.906Z] GET /api/workflow/tasks/my 304 - 20ms
[2026-02-06T18:19:55.666Z] GET /api/workflow/workflows/active 304 - 23ms
[2026-02-06T18:19:55.669Z] GET /api/workflow/tasks/my 304 - 31ms
[2026-02-06T18:19:55.687Z] GET /api/workflow/tasks/my 304 - 16ms
[2026-02-06T18:19:58.557Z] GET /api/workflow/requests/my 200 - 19ms
[2026-02-06T18:19:58.574Z] GET /api/workflow/requests/my 304 - 16ms
[2026-02-06T18:20:03.387Z] GET /api/workflow/workflows/active 304 - 26ms
[2026-02-06T18:20:03.421Z] GET /api/workflow/workflows/active 304 - 30ms
[2026-02-06T18:20:13.102Z] POST /api/workflow/requests 500 - 27ms
[2026-02-06T18:20:17.434Z] POST /api/workflow/requests 500 - 19ms
[2026-02-06T18:20:26.800Z] POST /api/workflow/requests 500 - 21ms
[2026-02-06T18:20:37.406Z] POST /api/workflow/requests 500 - 24ms
[2026-02-06T18:20:46.616Z] GET /api/workflow/workflows/active 304 - 17ms
[2026-02-06T18:20:46.634Z] GET /api/workflow/workflows/active 304 - 17ms
[2026-02-06T18:21:11.928Z] POST /api/workflow/requests 201 - 21ms
[2026-02-06T18:21:28.470Z] GET /api/workflow/tasks/my 304 - 16ms
[2026-02-06T18:21:28.488Z] GET /api/workflow/tasks/my 304 - 17ms
[2026-02-06T18:21:32.304Z] GET /api/workflow/admin/workflows 304 - 20ms
[2026-02-06T18:21:32.322Z] GET /api/workflow/admin/workflows 304 - 17ms
[2026-02-06T18:21:44.551Z] GET /api/workflow/workflows/active 304 - 29ms
[2026-02-06T18:21:44.555Z] GET /api/workflow/tasks/my 304 - 38ms
[2026-02-06T18:21:44.584Z] GET /api/workflow/tasks/my 304 - 26ms
[2026-02-06T18:21:48.861Z] GET /api/workflow/workflows/active 304 - 22ms
[2026-02-06T18:21:48.945Z] GET /api/workflow/workflows/active 304 - 76ms
[2026-02-17T06:25:09.874Z] POST /auth/login 200 - 208ms
[2026-02-17T06:25:09.956Z] GET /api/workflow/tasks/my 304 - 22ms
[2026-02-17T06:25:09.966Z] GET /api/workflow/workflows/active 304 - 62ms
[2026-02-17T06:25:09.986Z] GET /api/workflow/workflows/active 304 - 14ms
[2026-02-17T06:25:09.989Z] GET /api/workflow/tasks/my 304 - 22ms
[2026-02-17T06:25:17.541Z] GET /api/workflow/requests/my 200 - 39ms
[2026-02-17T06:25:17.557Z] GET /api/workflow/requests/my 304 - 14ms
[2026-02-17T06:25:47.348Z] GET /api/workflow/admin/workflows 304 - 16ms
[2026-02-17T06:25:47.366Z] GET /api/workflow/admin/workflows 304 - 16ms
[2026-02-17T06:25:53.607Z] GET /api/users 304 - 12ms
[2026-02-17T06:25:53.610Z] GET /api/workflow/admin/roles 304 - 13ms
[2026-02-17T06:25:53.624Z] GET /api/users 304 - 12ms
[2026-02-17T06:25:53.627Z] GET /api/workflow/admin/roles 304 - 12ms
[2026-02-17T06:26:02.337Z] GET /api/workflow/tasks/my 304 - 12ms
[2026-02-17T06:26:02.351Z] GET /api/workflow/tasks/my 304 - 12ms
[2026-02-17T06:26:06.006Z] GET /api/workflow/requests/my 304 - 14ms
[2026-02-17T06:26:06.020Z] GET /api/workflow/requests/my 304 - 13ms
[2026-02-17T06:27:25.107Z] GET /api/workflow/tasks/my 304 - 9ms
[2026-02-17T06:27:25.117Z] GET /api/workflow/tasks/my 304 - 9ms
[2026-02-17T06:27:27.062Z] GET /api/workflow/workflows/active 304 - 21ms
[2026-02-17T06:27:27.063Z] GET /api/workflow/tasks/my 304 - 26ms
[2026-02-17T06:27:27.076Z] GET /api/workflow/tasks/my 304 - 11ms
[2026-02-17T06:27:46.301Z] GET /api/workflow/requests/my 304 - 13ms
[2026-02-17T06:27:46.316Z] GET /api/workflow/requests/my 304 - 13ms
[2026-02-17T06:27:52.377Z] GET /api/workflow/requests/69863117fbc35b8a453e44d3 200 - 15ms
[2026-02-17T06:27:52.389Z] GET /api/workflow/requests/69863117fbc35b8a453e44d3 304 - 11ms
[2026-02-17T06:28:09.756Z] GET /api/workflow/requests/69863117fbc35b8a453e44d3 304 - 15ms
[2026-02-17T06:28:09.766Z] GET /api/workflow/requests/69863117fbc35b8a453e44d3 304 - 9ms
[2026-02-17T06:32:04.914Z] GET /api/workflow/workflows/active 304 - 14ms
[2026-02-17T06:32:04.944Z] GET /api/workflow/workflows/active 304 - 23ms
[2026-02-17T06:32:04.948Z] GET /api/workflow/tasks/my 304 - 20ms
[2026-02-17T06:32:04.957Z] GET /api/workflow/tasks/my 304 - 8ms
[2026-02-17T06:32:07.074Z] GET /api/workflow/requests/my 200 - 6ms
[2026-02-17T06:32:07.080Z] GET /api/workflow/requests/my 304 - 5ms
[2026-02-17T06:32:09.471Z] GET /api/workflow/admin/workflows 304 - 13ms
[2026-02-17T06:32:09.483Z] GET /api/workflow/admin/workflows 304 - 11ms
[2026-02-17T06:32:15.200Z] GET /api/workflow/workflows/active 304 - 12ms
[2026-02-17T06:32:15.202Z] GET /api/workflow/tasks/my 304 - 17ms
[2026-02-17T06:32:15.211Z] GET /api/workflow/tasks/my 304 - 7ms
[2026-02-17T06:32:17.565Z] GET /api/workflow/workflows/active 304 - 16ms
[2026-02-17T06:32:17.579Z] GET /api/workflow/workflows/active 304 - 12ms
[2026-02-17T06:32:45.326Z] POST /api/workflow/requests 201 - 107ms
[2026-02-17T06:32:49.028Z] GET /api/workflow/requests/my 200 - 9ms
[2026-02-17T06:32:49.039Z] GET /api/workflow/requests/my 304 - 10ms
[2026-02-17T06:32:57.604Z] GET /api/workflow/requests/69940b8d05eb62ffef119810 200 - 15ms
[2026-02-17T06:32:57.614Z] GET /api/workflow/requests/69940b8d05eb62ffef119810 304 - 9ms
[2026-02-17T06:37:34.723Z] GET /api/workflow/requests/69940b8d05eb62ffef119810 304 - 14ms
[2026-02-17T06:37:34.735Z] GET /api/workflow/requests/69940b8d05eb62ffef119810 304 - 11ms
[2026-02-17T06:43:26.558Z] GET /api/workflow/workflows/active 304 - 17ms
[2026-02-17T06:43:26.583Z] GET /api/workflow/workflows/active 304 - 18ms
[2026-02-17T06:43:26.594Z] GET /api/workflow/tasks/my 304 - 19ms
[2026-02-17T06:43:26.605Z] GET /api/workflow/tasks/my 304 - 10ms
[2026-02-17T06:43:32.598Z] GET /api/workflow/requests/my 304 - 9ms
[2026-02-17T06:43:32.608Z] GET /api/workflow/requests/my 304 - 9ms
[2026-02-17T06:43:34.938Z] GET /api/workflow/requests/69940b8d05eb62ffef119810 304 - 15ms
[2026-02-17T06:43:34.950Z] GET /api/workflow/requests/69940b8d05eb62ffef119810 304 - 11ms
[2026-02-17T06:44:17.724Z] GET /api/workflow/requests/69940b8d05eb62ffef119810 304 - 22ms
[2026-02-17T06:45:03.336Z] GET /api/workflow/workflows/active 304 - 16ms
[2026-02-17T06:45:03.367Z] GET /api/workflow/workflows/active 304 - 28ms
[2026-02-17T06:45:03.377Z] GET /api/workflow/tasks/my 304 - 20ms
[2026-02-17T06:45:03.390Z] GET /api/workflow/tasks/my 304 - 12ms
[2026-02-17T06:45:07.341Z] GET /api/workflow/requests/my 304 - 11ms
[2026-02-17T06:45:07.350Z] GET /api/workflow/requests/my 304 - 8ms
[2026-02-17T06:45:09.692Z] GET /api/workflow/requests/69940b8d05eb62ffef119810 304 - 12ms
[2026-02-17T06:45:09.705Z] GET /api/workflow/requests/69940b8d05eb62ffef119810 304 - 12ms
[2026-02-17T06:45:15.672Z] GET /api/workflow/tasks/my 304 - 11ms
[2026-02-17T06:45:15.681Z] GET /api/workflow/tasks/my 304 - 7ms
[2026-02-17T06:45:18.965Z] GET /api/workflow/workflows/active 304 - 20ms
[2026-02-17T06:45:18.967Z] GET /api/workflow/tasks/my 304 - 26ms
[2026-02-17T06:45:18.980Z] GET /api/workflow/tasks/my 304 - 11ms
[2026-02-17T06:45:21.026Z] GET /api/workflow/workflows/active 304 - 11ms
[2026-02-17T06:45:21.039Z] GET /api/workflow/workflows/active 304 - 11ms
[2026-02-17T06:45:40.665Z] POST /api/workflow/requests 201 - 19ms
[2026-02-17T06:45:42.583Z] GET /api/workflow/requests/my 200 - 9ms
[2026-02-17T06:45:42.594Z] GET /api/workflow/requests/my 304 - 10ms
[2026-02-17T06:45:46.146Z] GET /api/workflow/requests/69940b8d05eb62ffef119810 304 - 13ms
[2026-02-17T06:45:46.161Z] GET /api/workflow/requests/69940b8d05eb62ffef119810 304 - 14ms
[2026-02-17T06:54:35.524Z] GET /api/workflow/workflows/active 304 - 61ms
[2026-02-17T06:54:35.549Z] GET /api/workflow/tasks/my 304 - 47ms
[2026-02-17T06:54:35.560Z] GET /api/workflow/workflows/active 304 - 27ms
[2026-02-17T06:54:35.574Z] GET /api/workflow/tasks/my 304 - 13ms
[2026-02-17T06:54:38.880Z] GET /api/workflow/requests/my 200 - 17ms
[2026-02-17T06:54:38.893Z] GET /api/workflow/requests/my 304 - 12ms
[2026-02-17T06:54:41.933Z] GET /api/workflow/requests/69940b8d05eb62ffef119810 304 - 13ms
[2026-02-17T06:54:41.947Z] GET /api/workflow/requests/69940b8d05eb62ffef119810 304 - 13ms
[2026-02-17T06:54:47.047Z] GET /api/workflow/workflows/active 304 - 15ms
[2026-02-17T06:54:47.061Z] GET /api/workflow/workflows/active 304 - 13ms
[2026-02-17T06:55:00.205Z] POST /api/workflow/requests 500 - 34ms
[2026-02-17T06:55:13.014Z] POST /api/workflow/requests 500 - 23ms
[2026-02-17T06:55:20.469Z] GET /api/workflow/workflows/active 304 - 15ms
[2026-02-17T06:55:20.472Z] GET /api/workflow/tasks/my 304 - 22ms
[2026-02-17T06:55:20.482Z] GET /api/workflow/tasks/my 304 - 8ms
[2026-02-17T06:55:22.654Z] GET /api/workflow/workflows/active 304 - 15ms
[2026-02-17T06:55:22.666Z] GET /api/workflow/workflows/active 304 - 11ms
[2026-02-17T06:55:38.522Z] POST /api/workflow/requests 201 - 32ms
[2026-02-17T06:55:41.908Z] GET /api/workflow/requests/my 200 - 14ms
[2026-02-17T06:55:41.919Z] GET /api/workflow/requests/my 304 - 10ms
[2026-02-17T06:55:56.384Z] GET /api/workflow/requests/699410d1d33c413d48e0d09b 200 - 18ms
[2026-02-17T06:55:56.399Z] GET /api/workflow/requests/699410d1d33c413d48e0d09b 304 - 13ms
[2026-02-17T06:56:03.408Z] POST /api/workflow/requests/699410d1d33c413d48e0d09b/action 403 - 12ms
[2026-02-17T06:56:10.968Z] GET /api/workflow/requests/699410c4d33c413d48e0d08f 200 - 13ms
[2026-02-17T06:56:10.982Z] GET /api/workflow/requests/699410c4d33c413d48e0d08f 304 - 12ms
[2026-02-17T06:56:15.242Z] POST /api/workflow/requests/699410c4d33c413d48e0d08f/action 403 - 16ms
[2026-02-17T06:56:47.920Z] POST /api/workflow/requests/699410c4d33c413d48e0d08f/action 403 - 13ms
[2026-02-17T06:57:42.650Z] POST /auth/login 200 - 186ms
[2026-02-17T06:57:42.695Z] GET /api/workflow/workflows/active 304 - 15ms
[2026-02-17T06:57:42.701Z] GET /api/workflow/tasks/my 304 - 17ms
[2026-02-17T06:57:42.712Z] GET /api/workflow/workflows/active 304 - 14ms
[2026-02-17T06:57:42.720Z] GET /api/workflow/tasks/my 304 - 15ms
[2026-02-17T06:57:46.977Z] GET /api/workflow/admin/roles 304 - 15ms
[2026-02-17T06:57:46.980Z] GET /api/users 304 - 15ms
[2026-02-17T06:57:46.993Z] GET /api/workflow/admin/roles 304 - 12ms
[2026-02-17T06:57:46.997Z] GET /api/users 304 - 14ms
[2026-02-17T06:58:23.596Z] POST /auth/login 200 - 127ms
[2026-02-17T06:58:23.641Z] GET /api/workflow/workflows/active 304 - 17ms
[2026-02-17T06:58:23.646Z] GET /api/workflow/tasks/my 304 - 16ms
[2026-02-17T06:58:23.655Z] GET /api/workflow/workflows/active 304 - 12ms
[2026-02-17T06:58:23.663Z] GET /api/workflow/tasks/my 304 - 14ms
[2026-02-17T06:58:28.300Z] GET /api/users 304 - 15ms
[2026-02-17T06:58:28.303Z] GET /api/workflow/admin/roles 304 - 12ms
[2026-02-17T06:58:28.316Z] GET /api/users 304 - 12ms
[2026-02-17T06:58:28.318Z] GET /api/workflow/admin/roles 304 - 10ms
[2026-02-17T06:59:13.403Z] POST /api/users 201 - 132ms
[2026-02-17T06:59:13.418Z] GET /api/users 200 - 11ms
[2026-02-17T06:59:28.736Z] POST /auth/login 200 - 149ms
[2026-02-17T06:59:28.809Z] GET /api/workflow/workflows/active 304 - 23ms
[2026-02-17T06:59:28.818Z] GET /api/workflow/tasks/my 304 - 27ms
[2026-02-17T06:59:28.832Z] GET /api/workflow/workflows/active 304 - 20ms
[2026-02-17T06:59:28.844Z] GET /api/workflow/tasks/my 304 - 21ms
[2026-02-17T06:59:32.767Z] GET /api/workflow/tasks/my 304 - 15ms
[2026-02-17T06:59:32.782Z] GET /api/workflow/tasks/my 304 - 14ms
[2026-02-17T06:59:37.429Z] GET /api/workflow/requests/my 200 - 9ms
[2026-02-17T06:59:37.440Z] GET /api/workflow/requests/my 304 - 10ms
[2026-02-17T06:59:44.219Z] GET /api/workflow/tasks/my 304 - 19ms
[2026-02-17T06:59:44.234Z] GET /api/workflow/tasks/my 304 - 14ms
[2026-02-17T06:59:45.389Z] GET /api/workflow/workflows/active 304 - 22ms
[2026-02-17T06:59:45.393Z] GET /api/workflow/tasks/my 304 - 30ms
[2026-02-17T06:59:45.408Z] GET /api/workflow/tasks/my 304 - 14ms
[2026-02-17T06:59:51.167Z] GET /api/workflow/workflows/active 304 - 13ms
[2026-02-17T06:59:51.179Z] GET /api/workflow/workflows/active 304 - 11ms
[2026-02-17T07:00:07.314Z] POST /api/workflow/requests 201 - 17ms
[2026-02-17T07:00:10.669Z] GET /api/workflow/requests/my 200 - 10ms
[2026-02-17T07:00:10.680Z] GET /api/workflow/requests/my 304 - 10ms
[2026-02-17T07:00:15.119Z] GET /api/workflow/requests/699411f7d33c413d48e0d26c 200 - 15ms
[2026-02-17T07:00:15.133Z] GET /api/workflow/requests/699411f7d33c413d48e0d26c 304 - 13ms
[2026-02-17T07:00:41.275Z] POST /auth/login 200 - 147ms
[2026-02-17T07:00:41.316Z] GET /api/workflow/workflows/active 304 - 17ms
[2026-02-17T07:00:41.326Z] GET /api/workflow/tasks/my 304 - 16ms
[2026-02-17T07:00:41.331Z] GET /api/workflow/workflows/active 304 - 12ms
[2026-02-17T07:00:41.342Z] GET /api/workflow/tasks/my 304 - 10ms
[2026-02-17T07:00:45.971Z] GET /api/workflow/requests/my 200 - 15ms
[2026-02-17T07:00:45.983Z] GET /api/workflow/requests/my 304 - 10ms
[2026-02-17T07:00:53.248Z] GET /api/workflow/requests/699410c4d33c413d48e0d08f 304 - 12ms
[2026-02-17T07:00:53.262Z] GET /api/workflow/requests/699410c4d33c413d48e0d08f 304 - 13ms
[2026-02-17T07:01:10.355Z] GET /api/workflow/requests/69940e9405eb62ffef119947 200 - 10ms
[2026-02-17T07:01:10.366Z] GET /api/workflow/requests/69940e9405eb62ffef119947 304 - 9ms
[2026-02-17T07:01:25.704Z] GET /api/users 304 - 18ms
[2026-02-17T07:01:25.710Z] GET /api/workflow/admin/roles 304 - 19ms
[2026-02-17T07:01:25.732Z] GET /api/users 304 - 21ms
[2026-02-17T07:01:25.738Z] GET /api/workflow/admin/roles 304 - 22ms
[2026-02-18T04:51:21.954Z] POST /auth/login 200 - 297ms
[2026-02-18T04:51:22.094Z] GET /api/workflow/workflows/active 304 - 92ms
[2026-02-18T04:51:22.126Z] GET /api/workflow/tasks/my 304 - 62ms
[2026-02-18T04:51:22.138Z] GET /api/workflow/workflows/active 304 - 31ms
[2026-02-18T04:51:22.160Z] GET /api/workflow/tasks/my 304 - 19ms
[2026-02-18T04:51:29.639Z] GET /api/workflow/requests/my 304 - 49ms
[2026-02-18T04:51:29.675Z] GET /api/workflow/requests/my 304 - 32ms
[2026-02-18T04:52:42.227Z] GET /api/workflow/workflows/active 304 - 27ms
[2026-02-18T04:52:42.274Z] GET /api/workflow/workflows/active 304 - 38ms
[2026-02-18T04:52:42.281Z] GET /api/workflow/tasks/my 304 - 38ms
[2026-02-18T04:52:42.297Z] GET /api/workflow/tasks/my 304 - 15ms
[2026-02-18T04:52:44.049Z] GET /api/workflow/requests/my 200 - 10ms
[2026-02-18T04:52:44.062Z] GET /api/workflow/requests/my 304 - 11ms
[2026-02-18T04:52:45.935Z] GET /api/workflow/workflows/active 304 - 26ms
[2026-02-18T04:52:45.939Z] GET /api/workflow/tasks/my 304 - 35ms
[2026-02-18T04:52:45.958Z] GET /api/workflow/tasks/my 304 - 18ms
[2026-02-18T04:52:47.571Z] GET /api/workflow/workflows/active 304 - 16ms
[2026-02-18T04:52:47.594Z] GET /api/workflow/workflows/active 304 - 20ms
[2026-02-18T04:53:11.105Z] POST /api/workflow/requests 201 - 124ms
[2026-02-18T04:53:13.306Z] GET /api/workflow/requests/my 200 - 18ms
[2026-02-18T04:53:13.326Z] GET /api/workflow/requests/my 304 - 16ms
[2026-02-18T04:53:33.296Z] GET /api/workflow/admin/workflows 304 - 26ms
[2026-02-18T04:53:33.326Z] GET /api/workflow/admin/workflows 304 - 29ms
[2026-02-18T04:53:38.670Z] GET /api/workflow/admin/roles 304 - 45ms
[2026-02-18T04:53:38.702Z] GET /api/workflow/admin/roles 304 - 28ms
[2026-02-18T04:54:28.353Z] GET /api/workflow/requests/my 304 - 13ms
[2026-02-18T04:54:28.371Z] GET /api/workflow/requests/my 304 - 16ms
[2026-02-18T04:54:30.945Z] GET /api/workflow/admin/workflows 304 - 18ms
[2026-02-18T04:54:30.972Z] GET /api/workflow/admin/workflows 304 - 25ms
[2026-02-18T04:54:34.322Z] GET /api/workflow/admin/roles 304 - 14ms
[2026-02-18T04:54:34.340Z] GET /api/workflow/admin/roles 304 - 15ms
[2026-02-18T04:58:20.519Z] DELETE /api/workflow/admin/workflows/69859a8c104d821ef7ca1378 200 - 26ms
[2026-02-18T04:58:20.553Z] GET /api/workflow/admin/workflows 200 - 20ms
[2026-02-18T04:58:24.234Z] DELETE /api/workflow/admin/workflows/6985a65e4a9237abf8b71e7c 200 - 15ms
[2026-02-18T04:58:24.258Z] GET /api/workflow/admin/workflows 200 - 18ms
[2026-02-18T04:58:27.549Z] DELETE /api/workflow/admin/workflows/69859a33104d821ef7ca1360 200 - 13ms
[2026-02-18T04:58:27.578Z] GET /api/workflow/admin/workflows 200 - 19ms
[2026-02-18T04:58:30.800Z] DELETE /api/workflow/admin/workflows/6985cf5eaa6e64bfdb6046de 200 - 35ms
[2026-02-18T04:58:30.821Z] GET /api/workflow/admin/workflows 200 - 14ms
[2026-02-18T04:58:33.960Z] DELETE /api/workflow/admin/workflows/6980aa9d23f46b918678d23b 200 - 13ms
[2026-02-18T04:58:33.987Z] GET /api/workflow/admin/workflows 200 - 18ms
[2026-02-18T04:58:37.334Z] DELETE /api/workflow/admin/workflows/6980a96068a2e1bfbe466f77 200 - 15ms
[2026-02-18T04:58:37.353Z] GET /api/workflow/admin/workflows 200 - 14ms
[2026-02-18T04:58:40.811Z] DELETE /api/workflow/admin/workflows/6985cd1a8d92662bf5e7f9e5 200 - 13ms
[2026-02-18T04:58:40.840Z] GET /api/workflow/admin/workflows 200 - 19ms
[2026-02-18T04:58:54.087Z] GET /api/workflow/admin/roles 304 - 14ms
[2026-02-18T04:58:54.103Z] GET /api/workflow/admin/roles 304 - 12ms
[2026-02-18T05:06:53.462Z] GET /api/workflow/workflows/active 200 - 84ms
[2026-02-18T05:06:53.491Z] GET /api/workflow/tasks/my 304 - 42ms
[2026-02-18T05:06:53.496Z] GET /api/workflow/workflows/active 304 - 25ms
[2026-02-18T05:06:53.520Z] GET /api/workflow/tasks/my 304 - 23ms
[2026-02-18T05:06:55.405Z] GET /api/workflow/admin/workflows 304 - 18ms
[2026-02-18T05:06:55.424Z] GET /api/workflow/admin/workflows 304 - 17ms
[2026-02-18T05:06:57.903Z] GET /api/workflow/admin/user-roles 200 - 34ms
[2026-02-18T05:06:57.926Z] GET /api/workflow/admin/user-roles 304 - 21ms
[2026-02-18T05:07:39.677Z] GET /api/workflow/workflows/active 304 - 21ms
[2026-02-18T05:07:39.703Z] GET /api/workflow/workflows/active 304 - 23ms
[2026-02-18T05:07:39.717Z] GET /api/workflow/tasks/my 304 - 20ms
[2026-02-18T05:07:39.731Z] GET /api/workflow/tasks/my 304 - 13ms
[2026-02-18T05:07:44.793Z] GET /api/workflow/admin/workflows 304 - 14ms
[2026-02-18T05:07:44.805Z] GET /api/workflow/admin/workflows 304 - 11ms
[2026-02-18T05:07:46.418Z] GET /api/workflow/admin/user-roles 304 - 22ms
[2026-02-18T05:07:46.437Z] GET /api/workflow/admin/user-roles 304 - 17ms
[2026-02-18T05:07:56.612Z] GET /api/workflow/workflows/active 304 - 11ms
[2026-02-18T05:07:56.627Z] GET /api/workflow/workflows/active 304 - 12ms
[2026-02-18T05:07:56.724Z] GET /api/workflow/tasks/my 304 - 22ms
[2026-02-18T05:07:56.745Z] GET /api/workflow/tasks/my 304 - 17ms
[2026-02-18T05:08:02.064Z] GET /api/workflow/admin/workflows 304 - 12ms
[2026-02-18T05:08:02.084Z] GET /api/workflow/admin/workflows 304 - 17ms
[2026-02-18T05:08:05.580Z] GET /api/workflow/admin/user-roles 304 - 27ms
[2026-02-18T05:08:05.604Z] GET /api/workflow/admin/user-roles 304 - 22ms
[2026-02-18T05:11:01.421Z] GET /api/workflow/workflows/active 304 - 9ms
[2026-02-18T05:11:01.434Z] GET /api/workflow/workflows/active 304 - 11ms
[2026-02-18T05:11:01.526Z] GET /api/workflow/tasks/my 304 - 17ms
[2026-02-18T05:11:01.543Z] GET /api/workflow/tasks/my 304 - 15ms
[2026-02-18T05:11:07.697Z] GET /api/workflow/admin/workflows 304 - 16ms
[2026-02-18T05:11:07.713Z] GET /api/workflow/admin/workflows 304 - 15ms
[2026-02-18T05:11:09.402Z] GET /api/workflow/admin/user-roles 304 - 22ms
[2026-02-18T05:11:09.422Z] GET /api/workflow/admin/user-roles 304 - 19ms
[2026-02-18T05:15:36.899Z] GET /api/workflow/admin/user-roles 304 - 26ms
[2026-02-18T05:15:36.911Z] GET /api/users 304 - 21ms
[2026-02-18T05:27:18.887Z] GET /api/users 304 - 19ms
[2026-02-18T05:27:18.891Z] GET /api/workflow/admin/user-roles 304 - 28ms
[2026-02-18T05:30:21.553Z] POST /api/workflow/admin/workflows 201 - 42ms
[2026-02-18T05:30:23.951Z] GET /api/workflow/admin/workflows 200 - 15ms
[2026-02-18T05:30:27.829Z] GET /api/workflow/workflows/active 200 - 21ms
[2026-02-18T05:30:27.834Z] GET /api/workflow/tasks/my 304 - 30ms
[2026-02-18T05:30:27.852Z] GET /api/workflow/tasks/my 304 - 16ms
[2026-02-18T05:30:34.420Z] GET /api/workflow/workflows/active 304 - 13ms
[2026-02-18T05:30:34.434Z] GET /api/workflow/workflows/active 304 - 12ms
[2026-02-18T05:30:49.032Z] POST /api/workflow/requests 201 - 32ms
[2026-02-18T05:30:51.160Z] GET /api/workflow/requests/my 200 - 17ms
[2026-02-18T05:30:51.177Z] GET /api/workflow/requests/my 304 - 14ms
[2026-02-18T05:31:30.662Z] GET /api/workflow/requests/69954e89fb99a60f3e32b23e 200 - 19ms
[2026-02-18T05:31:30.683Z] GET /api/workflow/requests/69954e89fb99a60f3e32b23e 304 - 19ms
[2026-02-18T05:31:57.742Z] GET /api/users 304 - 21ms
[2026-02-18T05:31:57.748Z] GET /api/workflow/admin/roles 304 - 22ms
[2026-02-18T05:31:57.777Z] GET /api/users 304 - 27ms
[2026-02-18T05:31:57.784Z] GET /api/workflow/admin/roles 304 - 28ms
[2026-02-18T05:32:42.044Z] POST /api/users 201 - 240ms
[2026-02-18T05:32:42.065Z] GET /api/users 200 - 15ms
[2026-02-18T05:32:59.835Z] POST /auth/login 200 - 232ms
[2026-02-18T05:32:59.944Z] GET /api/workflow/workflows/active 304 - 26ms
[2026-02-18T05:32:59.966Z] GET /api/workflow/tasks/my 304 - 41ms
[2026-02-18T05:32:59.978Z] GET /api/workflow/workflows/active 304 - 27ms
[2026-02-18T05:32:59.999Z] GET /api/workflow/tasks/my 304 - 28ms
[2026-02-18T05:33:05.848Z] GET /api/workflow/workflows/active 304 - 13ms
[2026-02-18T05:33:05.863Z] GET /api/workflow/workflows/active 304 - 13ms
[2026-02-18T05:33:20.430Z] POST /api/workflow/requests 201 - 25ms
[2026-02-18T05:33:22.896Z] GET /api/workflow/requests/my 200 - 16ms
[2026-02-18T05:33:22.914Z] GET /api/workflow/requests/my 304 - 16ms
[2026-02-18T05:33:34.162Z] GET /api/workflow/requests/69954f20fb99a60f3e32b293 200 - 22ms
[2026-02-18T05:33:34.189Z] GET /api/workflow/requests/69954f20fb99a60f3e32b293 304 - 25ms
[2026-02-18T05:41:09.016Z] GET /api/workflow/workflows/active 304 - 64ms
[2026-02-18T05:41:09.042Z] GET /api/workflow/workflows/active 304 - 23ms
[2026-02-18T05:41:23.351Z] POST /api/workflow/requests 201 - 58ms
[2026-02-18T05:41:33.694Z] GET /api/workflow/requests/69954f20fb99a60f3e32b293 304 - 40ms
[2026-02-18T05:41:33.743Z] GET /api/workflow/requests/69954f20fb99a60f3e32b293 304 - 45ms
[2026-02-18T05:41:43.428Z] POST /auth/login 200 - 384ms
[2026-02-18T05:41:43.496Z] GET /api/workflow/workflows/active 304 - 32ms
[2026-02-18T05:41:43.523Z] GET /api/workflow/tasks/my 304 - 36ms
[2026-02-18T05:41:43.528Z] GET /api/workflow/workflows/active 304 - 21ms
[2026-02-18T05:41:43.549Z] GET /api/workflow/tasks/my 304 - 20ms
[2026-02-18T05:41:52.395Z] GET /api/workflow/tasks/my 304 - 18ms
[2026-02-18T05:41:52.413Z] GET /api/workflow/tasks/my 304 - 17ms
[2026-02-18T05:41:55.677Z] GET /api/workflow/requests/my 200 - 19ms
[2026-02-18T05:41:55.695Z] GET /api/workflow/requests/my 304 - 16ms
[2026-02-18T05:42:01.760Z] GET /api/workflow/requests/699545b62bb80292c4c8c3e1 200 - 18ms
[2026-02-18T05:42:01.779Z] GET /api/workflow/requests/699545b62bb80292c4c8c3e1 304 - 18ms
[2026-02-18T06:00:43.161Z] GET /api/workflow/workflows/active 304 - 85ms
[2026-02-18T06:00:43.175Z] GET /api/workflow/requests/pending 500 - 35ms
[2026-02-18T06:00:43.206Z] GET /api/workflow/requests/pending 500 - 21ms
[2026-02-18T06:00:43.211Z] GET /api/workflow/workflows/active 304 - 33ms
[2026-02-18T06:00:46.044Z] GET /api/workflow/requests/pending 500 - 16ms
[2026-02-18T06:00:46.059Z] GET /api/workflow/requests/pending 500 - 12ms
[2026-02-18T06:00:48.561Z] GET /api/workflow/admin/workflows 304 - 22ms
[2026-02-18T06:00:48.581Z] GET /api/workflow/admin/workflows 304 - 18ms
[2026-02-18T06:00:51.518Z] GET /api/workflow/requests/pending 500 - 22ms
[2026-02-18T06:00:51.537Z] GET /api/workflow/workflows/active 304 - 30ms
[2026-02-18T06:00:51.543Z] GET /api/workflow/requests/pending 500 - 15ms
[2026-02-18T06:01:04.871Z] POST /auth/login 200 - 260ms
[2026-02-18T06:01:05.005Z] GET /api/workflow/requests/pending 500 - 28ms
[2026-02-18T06:01:05.012Z] GET /api/workflow/workflows/active 304 - 42ms
[2026-02-18T06:01:05.036Z] GET /api/workflow/requests/pending 500 - 22ms
[2026-02-18T06:01:05.044Z] GET /api/workflow/workflows/active 304 - 24ms
[2026-02-18T06:01:09.734Z] GET /api/workflow/workflows/active 304 - 15ms
[2026-02-18T06:01:09.761Z] GET /api/workflow/workflows/active 304 - 24ms
[2026-02-18T06:01:23.692Z] POST /api/workflow/requests 500 - 46ms
[2026-02-18T06:01:34.885Z] POST /api/workflow/requests 500 - 24ms
[2026-02-18T06:01:40.198Z] POST /api/workflow/requests 500 - 22ms
[2026-02-18T06:02:12.521Z] GET /api/workflow/tasks/my 304 - 62ms
[2026-02-18T06:02:14.626Z] POST /api/workflow/requests 201 - 70ms
[2026-02-18T06:02:16.931Z] GET /api/workflow/requests/my 200 - 35ms
[2026-02-18T06:02:16.957Z] GET /api/workflow/requests/my 304 - 25ms
[2026-02-18T06:02:40.610Z] GET /api/workflow/workflows/active 304 - 23ms
[2026-02-18T06:02:40.627Z] GET /api/workflow/workflows/active 304 - 15ms
[2026-02-18T06:02:45.915Z] GET /api/workflow/workflows/active 304 - 15ms
[2026-02-18T06:02:45.936Z] GET /api/workflow/workflows/active 304 - 18ms
[2026-02-18T06:02:56.185Z] POST /api/workflow/requests 201 - 28ms
[2026-02-18T06:03:04.827Z] GET /api/workflow/workflows/active 304 - 20ms
[2026-02-18T06:03:04.859Z] GET /api/workflow/workflows/active 304 - 29ms
[2026-02-18T06:03:14.161Z] GET /api/workflow/requests/699555e60181f910631f6a35 200 - 23ms
[2026-02-18T06:03:14.183Z] GET /api/workflow/requests/699555e60181f910631f6a35 304 - 20ms
[2026-02-18T06:03:19.546Z] GET /api/workflow/workflows/active 304 - 14ms
[2026-02-18T06:03:19.563Z] GET /api/workflow/workflows/active 304 - 15ms
[2026-02-18T06:03:33.908Z] POST /api/workflow/requests 201 - 24ms
[2026-02-18T06:03:41.554Z] GET /api/workflow/requests/my 200 - 22ms
[2026-02-18T06:03:41.579Z] GET /api/workflow/requests/my 304 - 23ms
[2026-02-18T06:04:13.488Z] GET /api/workflow/requests/699555c40122b2fe1ed81426 200 - 20ms
[2026-02-18T06:04:13.509Z] GET /api/workflow/requests/699555c40122b2fe1ed81426 304 - 19ms
[2026-02-18T06:06:32.472Z] GET /api/workflow/workflows/active 304 - 71ms
[2026-02-18T06:06:32.496Z] GET /api/workflow/workflows/active 304 - 22ms
[2026-02-18T06:06:52.442Z] POST /api/workflow/requests 201 - 61ms
[2026-02-18T06:07:02.520Z] GET /api/workflow/workflows/active 304 - 21ms
[2026-02-18T06:07:02.556Z] GET /api/workflow/workflows/active 304 - 34ms
[2026-02-18T06:07:02.573Z] GET /api/workflow/tasks/my 304 - 35ms
[2026-02-18T06:07:02.596Z] GET /api/workflow/tasks/my 304 - 22ms
[2026-02-18T06:07:04.649Z] GET /api/workflow/requests/my 200 - 30ms
[2026-02-18T06:07:04.676Z] GET /api/workflow/requests/my 304 - 25ms
[2026-02-18T06:07:13.685Z] GET /api/workflow/workflows/active 304 - 14ms
[2026-02-18T06:07:13.701Z] GET /api/workflow/workflows/active 304 - 14ms
[2026-02-18T06:07:27.073Z] POST /api/workflow/requests 201 - 25ms
[2026-02-18T06:07:38.850Z] POST /auth/login 200 - 295ms
[2026-02-18T06:07:38.913Z] GET /api/workflow/workflows/active 304 - 24ms
[2026-02-18T06:07:38.931Z] GET /api/workflow/tasks/my 304 - 25ms
[2026-02-18T06:07:38.936Z] GET /api/workflow/workflows/active 304 - 16ms
[2026-02-18T06:07:38.960Z] GET /api/workflow/tasks/my 304 - 22ms
[2026-02-18T06:07:43.424Z] GET /api/workflow/tasks/my 304 - 16ms
[2026-02-18T06:07:43.453Z] GET /api/workflow/tasks/my 304 - 28ms
[2026-02-18T06:07:48.132Z] GET /api/workflow/requests/my 200 - 13ms
[2026-02-18T06:07:48.161Z] GET /api/workflow/requests/my 304 - 27ms
[2026-02-18T06:07:52.855Z] GET /api/workflow/requests/699545b62bb80292c4c8c3e1 304 - 19ms
[2026-02-18T06:07:52.872Z] GET /api/workflow/requests/699545b62bb80292c4c8c3e1 304 - 15ms
[2026-02-18T06:07:57.762Z] GET /api/users 304 - 32ms
[2026-02-18T06:07:57.769Z] GET /api/workflow/admin/roles 304 - 35ms
[2026-02-18T06:07:57.803Z] GET /api/users 304 - 31ms
[2026-02-18T06:07:57.810Z] GET /api/workflow/admin/roles 304 - 31ms
[2026-02-18T06:08:05.011Z] GET /api/workflow/admin/workflows 304 - 15ms
[2026-02-18T06:08:05.025Z] GET /api/workflow/admin/workflows 304 - 13ms
[2026-02-18T06:08:06.400Z] GET /api/workflow/requests/all 500 - 9ms
[2026-02-18T06:08:06.415Z] GET /api/workflow/requests/all 500 - 12ms
[2026-02-18T06:08:07.996Z] GET /api/workflow/requests/my 304 - 14ms
[2026-02-18T06:08:08.025Z] GET /api/workflow/requests/my 304 - 27ms
[2026-02-18T12:19:59.397Z] POST /auth/login 200 - 319ms
[2026-02-18T12:19:59.540Z] GET /api/workflow/workflows/active 304 - 85ms
[2026-02-18T12:19:59.573Z] GET /api/workflow/tasks/my 304 - 55ms
[2026-02-18T12:19:59.580Z] GET /api/workflow/workflows/active 304 - 29ms
[2026-02-18T12:19:59.610Z] GET /api/workflow/tasks/my 304 - 27ms
[2026-02-18T12:20:05.280Z] GET /api/workflow/admin/workflows 304 - 17ms
[2026-02-18T12:20:05.299Z] GET /api/workflow/admin/workflows 304 - 16ms
[2026-02-18T12:20:08.115Z] GET /api/workflow/workflows/active 304 - 25ms
[2026-02-18T12:20:08.119Z] GET /api/workflow/tasks/my 304 - 36ms
[2026-02-18T12:20:08.139Z] GET /api/workflow/tasks/my 304 - 18ms
[2026-02-18T12:20:10.107Z] GET /api/workflow/workflows/active 304 - 16ms
[2026-02-18T12:20:10.128Z] GET /api/workflow/workflows/active 304 - 17ms
[2026-02-18T12:20:19.849Z] GET /api/workflow/admin/workflows 304 - 12ms
[2026-02-18T12:20:19.880Z] GET /api/workflow/admin/workflows 304 - 27ms
[2026-02-18T12:20:22.422Z] GET /api/workflow/admin/user-roles 200 - 45ms
[2026-02-18T12:20:22.428Z] GET /api/users 200 - 46ms
[2026-02-18T12:20:22.460Z] GET /api/workflow/admin/user-roles 304 - 31ms
[2026-02-18T12:20:22.465Z] GET /api/users 304 - 30ms
[2026-02-18T12:20:29.985Z] GET /api/workflow/admin/user-roles 304 - 28ms
[2026-02-18T12:20:29.993Z] GET /api/users 304 - 31ms
[2026-02-18T12:20:30.030Z] GET /api/workflow/admin/user-roles 304 - 36ms
[2026-02-18T12:20:30.034Z] GET /api/users 304 - 34ms
[2026-02-18T12:21:21.272Z] POST /api/workflow/admin/workflows 500 - 39ms
[2026-02-18T12:21:44.676Z] POST /api/workflow/admin/workflows 500 - 13ms
[2026-02-18T12:26:28.581Z] POST /api/workflow/admin/workflows 201 - 215ms
[2026-02-18T12:26:31.618Z] GET /api/workflow/admin/workflows 200 - 35ms
[2026-02-18T12:26:44.199Z] GET /api/workflow/workflows/active 200 - 54ms
[2026-02-18T12:26:44.203Z] GET /api/workflow/tasks/my 304 - 71ms
[2026-02-18T12:26:44.241Z] GET /api/workflow/tasks/my 304 - 28ms
[2026-02-18T12:26:49.154Z] GET /api/workflow/requests/my 304 - 25ms
[2026-02-18T12:26:49.183Z] GET /api/workflow/requests/my 304 - 26ms
[2026-02-18T12:27:03.498Z] GET /api/workflow/workflows/active 304 - 16ms
[2026-02-18T12:27:03.516Z] GET /api/workflow/workflows/active 304 - 16ms
[2026-02-18T12:27:14.189Z] POST /api/workflow/requests 201 - 49ms
[2026-02-18T12:27:22.130Z] GET /api/workflow/requests/all 500 - 9ms
[2026-02-18T12:27:22.143Z] GET /api/workflow/requests/all 500 - 11ms
[2026-02-18T12:27:26.454Z] GET /api/workflow/requests/my 200 - 15ms
[2026-02-18T12:27:26.478Z] GET /api/workflow/requests/my 304 - 22ms
[2026-02-18T12:27:32.319Z] GET /api/workflow/requests/6995b022176b5310f8d46b24 200 - 26ms
[2026-02-18T12:27:32.346Z] GET /api/workflow/requests/6995b022176b5310f8d46b24 304 - 26ms
[2026-02-18T12:27:38.292Z] POST /api/workflow/requests/6995b022176b5310f8d46b24/action 403 - 22ms
[2026-02-18T12:27:52.361Z] POST /api/workflow/requests/6995b022176b5310f8d46b24/action 403 - 37ms
[2026-02-18T12:28:16.887Z] POST /api/workflow/requests/6995b022176b5310f8d46b24/action 403 - 17ms
[2026-02-18T12:28:36.779Z] GET /api/workflow/admin/roles 304 - 62ms
[2026-02-18T12:28:36.792Z] GET /api/users 304 - 88ms
[2026-02-18T12:28:36.851Z] GET /api/workflow/admin/roles 304 - 56ms
[2026-02-18T12:28:36.882Z] GET /api/users 304 - 74ms
[2026-02-18T12:29:05.174Z] PUT /api/users/6985a5df4a9237abf8b71d59 200 - 16ms
[2026-02-18T12:29:05.256Z] GET /api/users 200 - 23ms
[2026-02-18T12:29:26.429Z] POST /auth/login 401 - 279ms
[2026-02-18T12:29:33.263Z] POST /auth/login 401 - 197ms
[2026-02-18T12:29:47.632Z] POST /auth/login 401 - 225ms
[2026-02-18T12:29:52.043Z] POST /auth/login 200 - 275ms
[2026-02-18T12:29:52.147Z] GET /api/workflow/workflows/active 304 - 37ms
[2026-02-18T12:29:52.215Z] GET /api/workflow/workflows/active 304 - 53ms
[2026-02-18T12:29:52.218Z] GET /api/workflow/tasks/my 304 - 68ms
[2026-02-18T12:29:52.250Z] GET /api/workflow/tasks/my 304 - 30ms
[2026-02-18T12:29:57.548Z] GET /api/workflow/admin/roles 304 - 55ms
[2026-02-18T12:29:57.563Z] GET /api/users 304 - 85ms
[2026-02-18T12:29:57.607Z] GET /api/workflow/admin/roles 304 - 41ms
[2026-02-18T12:29:57.627Z] GET /api/users 304 - 48ms
[2026-02-18T12:30:27.461Z] PUT /api/users/6985a5df4a9237abf8b71d59 200 - 16ms
[2026-02-18T12:30:27.503Z] GET /api/users 304 - 27ms
[2026-02-18T12:30:50.491Z] POST /auth/login 401 - 228ms
[2026-02-18T12:30:53.796Z] POST /auth/login 401 - 267ms
[2026-02-18T12:32:28.834Z] POST /auth/login 200 - 254ms
[2026-02-18T12:32:28.920Z] GET /api/workflow/workflows/active 304 - 29ms
[2026-02-18T12:32:28.969Z] GET /api/workflow/workflows/active 304 - 40ms
[2026-02-18T12:32:28.982Z] GET /api/workflow/tasks/my 304 - 39ms
[2026-02-18T12:32:29.008Z] GET /api/workflow/tasks/my 304 - 25ms
[2026-02-18T12:32:33.659Z] GET /api/workflow/admin/roles 304 - 19ms
[2026-02-18T12:32:33.664Z] GET /api/users 304 - 30ms
[2026-02-18T12:32:33.687Z] GET /api/workflow/admin/roles 304 - 21ms
[2026-02-18T12:32:33.703Z] GET /api/users 304 - 33ms
[2026-02-18T12:32:44.048Z] DELETE /api/users/697babf6dab429f833c8f0e5 200 - 20ms
[2026-02-18T12:32:48.569Z] DELETE /api/users/697c350303ba4f202a25e069 200 - 13ms
[2026-02-18T12:32:54.154Z] DELETE /api/users/6980a7b865f717bbd8c097bf 200 - 9ms
[2026-02-18T12:32:58.710Z] DELETE /api/users/6985a5df4a9237abf8b71d59 200 - 11ms
[2026-02-18T12:33:02.834Z] DELETE /api/users/6985cf01aa6e64bfdb604697 200 - 11ms
[2026-02-18T12:33:06.764Z] DELETE /api/users/6985cf25aa6e64bfdb6046a6 200 - 10ms
[2026-02-18T12:33:10.226Z] DELETE /api/users/699411c1d33c413d48e0d1bf 200 - 13ms
[2026-02-18T12:33:14.403Z] DELETE /api/users/69954efafb99a60f3e32b26a 200 - 12ms
[2026-02-18T12:34:06.207Z] POST /api/users 201 - 247ms
[2026-02-18T12:34:06.227Z] GET /api/users 200 - 15ms
[2026-02-18T12:34:13.681Z] GET /api/workflow/admin/workflows 304 - 15ms
[2026-02-18T12:34:13.698Z] GET /api/workflow/admin/workflows 304 - 15ms
[2026-02-18T12:34:17.517Z] DELETE /api/workflow/admin/workflows/6995aff4176b5310f8d46aed 200 - 13ms
[2026-02-18T12:34:17.537Z] GET /api/workflow/admin/workflows 200 - 13ms
[2026-02-18T12:34:19.246Z] GET /api/workflow/admin/user-roles 200 - 28ms
[2026-02-18T12:34:19.249Z] GET /api/users 304 - 26ms
[2026-02-18T12:34:19.278Z] GET /api/workflow/admin/user-roles 304 - 27ms
[2026-02-18T12:34:19.281Z] GET /api/users 304 - 26ms
[2026-02-18T12:35:01.327Z] POST /api/workflow/admin/workflows 201 - 19ms
[2026-02-18T12:35:03.383Z] GET /api/workflow/admin/workflows 200 - 13ms
[2026-02-18T12:35:19.613Z] POST /auth/login 200 - 201ms
[2026-02-18T12:35:19.698Z] GET /api/workflow/workflows/active 200 - 36ms
[2026-02-18T12:35:19.714Z] GET /api/workflow/tasks/my 304 - 41ms
[2026-02-18T12:35:19.728Z] GET /api/workflow/workflows/active 304 - 25ms
[2026-02-18T12:35:19.747Z] GET /api/workflow/tasks/my 304 - 29ms
[2026-02-18T12:35:24.840Z] GET /api/workflow/tasks/my 304 - 19ms
[2026-02-18T12:35:24.865Z] GET /api/workflow/tasks/my 304 - 24ms
[2026-02-18T12:35:27.533Z] GET /api/workflow/requests/my 200 - 14ms
[2026-02-18T12:35:27.549Z] GET /api/workflow/requests/my 304 - 15ms
[2026-02-18T12:35:30.665Z] GET /api/workflow/workflows/active 304 - 28ms
[2026-02-18T12:35:30.672Z] GET /api/workflow/tasks/my 304 - 40ms
[2026-02-18T12:35:30.697Z] GET /api/workflow/tasks/my 304 - 23ms
[2026-02-18T12:35:38.572Z] GET /api/workflow/workflows/active 304 - 19ms
[2026-02-18T12:35:38.593Z] GET /api/workflow/workflows/active 304 - 19ms
[2026-02-18T12:35:52.238Z] GET /api/workflow/requests/my 304 - 12ms
[2026-02-18T12:35:52.256Z] GET /api/workflow/requests/my 304 - 16ms
[2026-02-18T12:35:54.091Z] GET /api/workflow/tasks/my 304 - 18ms
[2026-02-18T12:35:54.115Z] GET /api/workflow/tasks/my 304 - 23ms
[2026-02-18T12:37:35.692Z] POST /auth/login 200 - 238ms
[2026-02-18T12:37:35.753Z] GET /api/workflow/workflows/active 304 - 22ms
[2026-02-18T12:37:35.770Z] GET /api/workflow/tasks/my 304 - 26ms
[2026-02-18T12:37:35.777Z] GET /api/workflow/workflows/active 304 - 16ms
[2026-02-18T12:37:35.798Z] GET /api/workflow/tasks/my 304 - 19ms
[2026-02-18T12:37:40.295Z] GET /api/workflow/admin/workflows 304 - 14ms
[2026-02-18T12:37:40.314Z] GET /api/workflow/admin/workflows 304 - 17ms
[2026-02-18T12:37:44.016Z] GET /api/workflow/admin/user-roles 304 - 30ms
[2026-02-18T12:37:44.027Z] GET /api/users 304 - 35ms
[2026-02-18T12:37:44.046Z] GET /api/workflow/admin/user-roles 304 - 26ms
[2026-02-18T12:37:44.053Z] GET /api/users 304 - 20ms
[2026-02-18T12:51:33.651Z] POST /auth/login 200 - 152ms
[2026-02-18T12:51:33.704Z] GET /api/workflow/workflows/active 304 - 23ms
[2026-02-18T12:51:33.713Z] GET /api/workflow/tasks/my 304 - 26ms
[2026-02-18T12:51:33.719Z] GET /api/workflow/workflows/active 304 - 13ms
[2026-02-18T12:51:33.729Z] GET /api/workflow/tasks/my 304 - 13ms
[2026-02-18T12:51:38.817Z] GET /api/workflow/requests/my 304 - 10ms
[2026-02-18T12:51:38.827Z] GET /api/workflow/requests/my 304 - 9ms
[2026-02-18T12:51:41.692Z] GET /api/workflow/tasks/my 304 - 16ms
[2026-02-18T12:51:41.716Z] GET /api/workflow/tasks/my 304 - 22ms
[2026-02-18T12:51:44.986Z] GET /api/workflow/workflows/active 304 - 8ms
[2026-02-18T12:51:45.025Z] GET /api/workflow/workflows/active 304 - 35ms
[2026-02-18T12:51:45.034Z] GET /api/workflow/tasks/my 304 - 35ms
[2026-02-18T12:51:45.049Z] GET /api/workflow/tasks/my 304 - 13ms
[2026-02-18T12:51:48.675Z] GET /api/workflow/tasks/my 304 - 11ms
[2026-02-18T12:51:48.688Z] GET /api/workflow/tasks/my 304 - 12ms
[2026-02-18T12:51:51.273Z] GET /api/workflow/workflows/active 304 - 21ms
[2026-02-18T12:51:51.275Z] GET /api/workflow/tasks/my 304 - 29ms
[2026-02-18T12:51:51.298Z] GET /api/workflow/tasks/my 304 - 20ms
[2026-02-18T12:51:52.219Z] GET /api/workflow/tasks/my 304 - 19ms
[2026-02-18T12:51:52.238Z] GET /api/workflow/tasks/my 304 - 17ms
[2026-02-18T12:53:30.721Z] GET /api/workflow/workflows/active 304 - 73ms
[2026-02-18T12:53:30.750Z] GET /api/workflow/tasks/my 304 - 58ms
[2026-02-18T12:53:30.757Z] GET /api/workflow/workflows/active 304 - 28ms
[2026-02-18T12:53:30.790Z] GET /api/workflow/tasks/my 304 - 31ms
[2026-02-18T12:53:37.276Z] GET /api/workflow/tasks/my 304 - 18ms
[2026-02-18T12:53:37.302Z] GET /api/workflow/tasks/my 304 - 23ms
[2026-02-18T12:53:50.866Z] GET /api/workflow/workflows/active 304 - 23ms
[2026-02-18T12:53:50.873Z] GET /api/workflow/tasks/my 304 - 34ms
[2026-02-18T12:53:50.896Z] GET /api/workflow/tasks/my 304 - 22ms
[2026-02-18T12:54:01.050Z] GET /api/workflow/tasks/my 304 - 25ms
[2026-02-18T12:54:01.108Z] GET /api/workflow/tasks/my 304 - 55ms
[2026-02-18T12:54:11.656Z] POST /auth/login 200 - 143ms
[2026-02-18T12:54:11.709Z] GET /api/workflow/workflows/active 304 - 23ms
[2026-02-18T12:54:11.735Z] GET /api/workflow/workflows/active 304 - 22ms
[2026-02-18T12:54:11.770Z] GET /api/workflow/tasks/my 304 - 44ms
[2026-02-18T12:54:11.796Z] GET /api/workflow/tasks/my 304 - 24ms
[2026-02-18T12:54:21.069Z] GET / 404 - 4ms
[2026-02-18T12:54:37.215Z] GET /api/workflow/admin/workflows 304 - 11ms
[2026-02-18T12:54:37.228Z] GET /api/workflow/admin/workflows 304 - 12ms
[2026-02-18T12:54:39.669Z] GET /api/workflow/admin/user-roles 304 - 32ms
[2026-02-18T12:54:39.678Z] GET /api/users 304 - 36ms
[2026-02-18T12:54:39.713Z] GET /api/workflow/admin/user-roles 304 - 31ms
[2026-02-18T12:54:39.717Z] GET /api/users 304 - 25ms
[2026-02-18T12:55:36.579Z] POST /api/workflow/admin/workflows 201 - 32ms
[2026-02-18T12:55:38.585Z] GET /api/workflow/admin/workflows 200 - 14ms
[2026-02-18T12:55:42.397Z] GET /api/workflow/workflows/active 200 - 22ms
[2026-02-18T12:55:42.402Z] GET /api/workflow/tasks/my 304 - 30ms
[2026-02-18T12:55:42.418Z] GET /api/workflow/tasks/my 304 - 15ms
[2026-02-18T12:56:02.852Z] POST /auth/login 200 - 132ms
[2026-02-18T12:56:02.913Z] GET /api/workflow/workflows/active 304 - 26ms
[2026-02-18T12:56:02.949Z] GET /api/workflow/workflows/active 304 - 31ms
[2026-02-18T12:56:02.957Z] GET /api/workflow/tasks/my 304 - 30ms
[2026-02-18T12:56:02.989Z] GET /api/workflow/tasks/my 304 - 28ms
[2026-02-18T12:56:07.524Z] GET /api/workflow/tasks/my 304 - 18ms
[2026-02-18T12:56:07.544Z] GET /api/workflow/tasks/my 304 - 19ms
[2026-02-18T12:56:18.284Z] GET /api/workflow/workflows/active 304 - 27ms
[2026-02-18T12:56:18.288Z] GET /api/workflow/tasks/my 304 - 34ms
[2026-02-18T12:56:18.315Z] GET /api/workflow/tasks/my 304 - 24ms
